<?xml version="1.0" encoding="utf-8"?><testsuites name="pytest tests"><testsuite name="pytest" errors="2" failures="5" skipped="15" tests="22" time="202.981" timestamp="2026-05-15T18:53:48.317291+00:00" hostname="39c015357750"><testcase classname="test_sdk_validacoes_dados.TestValidacoesDadosSDK" name="test_modelo_contrato_existe" time="2.719"><skipped type="pytest.skip" message="Modelo de contrato não encontrado no seed">/app/tests/e2e_ui/test_sdk_validacoes_dados.py:12: Modelo de contrato não encontrado no seed</skipped></testcase><testcase classname="test_sdk_validacoes_dados.TestValidacoesDadosSDK" name="test_modelo_tem_clausulas" time="0.010"><skipped type="pytest.skip" message="Modelo de contrato não encontrado no seed">/app/tests/e2e_ui/test_sdk_validacoes_dados.py:29: Modelo de contrato não encontrado no seed</skipped></testcase><testcase classname="test_sdk_validacoes_dados.TestValidacoesDadosSDK" name="test_clausulas_tem_referencia_unica" time="0.006"><skipped type="pytest.skip" message="Modelo de contrato não encontrado no seed">/app/tests/e2e_ui/test_sdk_validacoes_dados.py:48: Modelo de contrato não encontrado no seed</skipped></testcase><testcase classname="test_sdk_validacoes_dados.TestValidacoesDadosSDK" name="test_directus_health_check" time="0.057"><failure message="assert 401 == 200&#10; +  where 401 = &lt;Response [401]&gt;.status_code">self = &lt;test_sdk_validacoes_dados.TestValidacoesDadosSDK object at 0x7ac86a6e1ba0&gt;
directus_session = &lt;requests.sessions.Session object at 0x7ac86a638440&gt;
e2e_ui_config = E2EUIConfig(directus_url='http://directus:8055', api_url='http://api-server:8001', admin_email='admin@example.com', ad...rd123!', directus_token='g52oLdjEmwURNK4KmqjAXEtY3e4DCUzP', playwright_headless=True, playwright_slow_mo=0, timeout=60)

    def test_directus_health_check(
        self,
        directus_session,
        e2e_ui_config
    ):
        """Valida que Directus está saudável."""
        response = directus_session.get(
            f"{e2e_ui_config.directus_url}/server/health"
        )
    
&gt;       assert response.status_code == 200
E       assert 401 == 200
E        +  where 401 = &lt;Response [401]&gt;.status_code

tests/e2e_ui/test_sdk_validacoes_dados.py:85: AssertionError</failure></testcase><testcase classname="test_sdk_validacoes_dados.TestValidacoesDadosSDK" name="test_api_versiona_health_check" time="0.810"><failure message="AssertionError: assert False is True&#10; +  where False = &lt;built-in method get of dict object at 0x7ac86a60d280&gt;('directus_connected')&#10; +    where &lt;built-in method get of dict object at 0x7ac86a60d280&gt; = {'directus_connected': False, 'directus_url': 'http://directus:8055', 'status': 'ok', 'timestamp': '2026-05-15T18:53:53.539237', ...}.get">self = &lt;test_sdk_validacoes_dados.TestValidacoesDadosSDK object at 0x7ac86a735490&gt;
api_session = &lt;requests.sessions.Session object at 0x7ac86a71f610&gt;
e2e_ui_config = E2EUIConfig(directus_url='http://directus:8055', api_url='http://api-server:8001', admin_email='admin@example.com', ad...rd123!', directus_token='g52oLdjEmwURNK4KmqjAXEtY3e4DCUzP', playwright_headless=True, playwright_slow_mo=0, timeout=60)

    def test_api_versiona_health_check(
        self,
        api_session,
        e2e_ui_config
    ):
        """Valida que API Versiona está saudável."""
        response = api_session.get(
            f"{e2e_ui_config.api_url}/health"
        )
    
        assert response.status_code == 200
        data = response.json()
    
        assert data["status"] == "ok"
&gt;       assert data.get("directus_connected") is True
E       AssertionError: assert False is True
E        +  where False = &lt;built-in method get of dict object at 0x7ac86a60d280&gt;('directus_connected')
E        +    where &lt;built-in method get of dict object at 0x7ac86a60d280&gt; = {'directus_connected': False, 'directus_url': 'http://directus:8055', 'status': 'ok', 'timestamp': '2026-05-15T18:53:53.539237', ...}.get

tests/e2e_ui/test_sdk_validacoes_dados.py:102: AssertionError</failure></testcase><testcase classname="test_sdk_validacoes_dados.TestValidacoesDadosSDK" name="test_consistencia_ids_modificacao_clausula" time="0.007"><skipped type="pytest.skip" message="Modelo de contrato não encontrado no seed">/app/tests/e2e_ui/test_sdk_validacoes_dados.py:106: Modelo de contrato não encontrado no seed</skipped></testcase><testcase classname="test_ui_directus_login.TestDirectusLogin" name="test_login_page_loads" time="47.558"><failure message="playwright._impl._errors.TimeoutError: Page.wait_for_selector: Timeout 10000ms exceeded.&#10;Call log:&#10;  - waiting for locator(&quot;input[type=\&quot;email\&quot;]&quot;) to be visible">self = &lt;test_ui_directus_login.TestDirectusLogin object at 0x7ac86a71d1d0&gt;
page = &lt;Page url='http://directus:8055/admin/login'&gt;
e2e_ui_config = E2EUIConfig(directus_url='http://directus:8055', api_url='http://api-server:8001', admin_email='admin@example.com', ad...rd123!', directus_token='g52oLdjEmwURNK4KmqjAXEtY3e4DCUzP', playwright_headless=True, playwright_slow_mo=0, timeout=60)

    def test_login_page_loads(self, page: Page, e2e_ui_config):
        """Valida que página de login carrega corretamente."""
        page.goto(f"{e2e_ui_config.directus_url}/admin/login")
    
        # Aguardar formulário de login
&gt;       page.wait_for_selector('input[type="email"]', timeout=10000)

tests/e2e_ui/test_ui_directus_login.py:17: 
_ _ _ _ _ _ _ _ _ _ _ _ _ _ _ _ _ _ _ _ _ _ _ _ _ _ _ _ _ _ _ _ _ _ _ _ _ _ _ _ 
.venv/lib/python3.13/site-packages/playwright/sync_api/_generated.py:8525: in wait_for_selector
    self._sync(
.venv/lib/python3.13/site-packages/playwright/_impl/_page.py:419: in wait_for_selector
    return await self._main_frame.wait_for_selector(**locals_to_params(locals()))
           ^^^^^^^^^^^^^^^^^^^^^^^^^^^^^^^^^^^^^^^^^^^^^^^^^^^^^^^^^^^^^^^^^^^^^^
.venv/lib/python3.13/site-packages/playwright/_impl/_frame.py:369: in wait_for_selector
    await self._channel.send(
.venv/lib/python3.13/site-packages/playwright/_impl/_connection.py:69: in send
    return await self._connection.wrap_api_call(
_ _ _ _ _ _ _ _ _ _ _ _ _ _ _ _ _ _ _ _ _ _ _ _ _ _ _ _ _ _ _ _ _ _ _ _ _ _ _ _ 

self = &lt;playwright._impl._connection.Connection object at 0x7ac86a63a270&gt;
cb = &lt;function Channel.send.&lt;locals&gt;.&lt;lambda&gt; at 0x7ac86a61e480&gt;
is_internal = False, title = None

    async def wrap_api_call(
        self, cb: Callable[[], Any], is_internal: bool = False, title: str = None
    ) -&gt; Any:
        if self._api_zone.get():
            return await cb()
        task = asyncio.current_task(self._loop)
        st: List[inspect.FrameInfo] = getattr(
            task, "__pw_stack__", None
        ) or inspect.stack(0)
    
        parsed_st = _extract_stack_trace_information_from_stack(st, is_internal, title)
        self._api_zone.set(parsed_st)
        try:
            return await cb()
        except Exception as error:
&gt;           raise rewrite_error(error, f"{parsed_st['apiName']}: {error}") from None
E           playwright._impl._errors.TimeoutError: Page.wait_for_selector: Timeout 10000ms exceeded.
E           Call log:
E             - waiting for locator("input[type=\"email\"]") to be visible

.venv/lib/python3.13/site-packages/playwright/_impl/_connection.py:559: TimeoutError</failure></testcase><testcase classname="test_ui_directus_login.TestDirectusLogin" name="test_login_with_valid_credentials" time="39.766"><failure message="playwright._impl._errors.TimeoutError: Page.wait_for_selector: Timeout 10000ms exceeded.&#10;Call log:&#10;  - waiting for locator(&quot;input[type=\&quot;email\&quot;]&quot;) to be visible">self = &lt;test_ui_directus_login.TestDirectusLogin object at 0x7ac86a71d450&gt;
page = &lt;Page url='http://directus:8055/admin/login'&gt;
e2e_ui_config = E2EUIConfig(directus_url='http://directus:8055', api_url='http://api-server:8001', admin_email='admin@example.com', ad...rd123!', directus_token='g52oLdjEmwURNK4KmqjAXEtY3e4DCUzP', playwright_headless=True, playwright_slow_mo=0, timeout=60)

    def test_login_with_valid_credentials(self, page: Page, e2e_ui_config):
        """Valida login com credenciais válidas."""
        page.goto(f"{e2e_ui_config.directus_url}/admin/login")
    
        # Aguardar formulário
&gt;       page.wait_for_selector('input[type="email"]', timeout=10000)

tests/e2e_ui/test_ui_directus_login.py:29: 
_ _ _ _ _ _ _ _ _ _ _ _ _ _ _ _ _ _ _ _ _ _ _ _ _ _ _ _ _ _ _ _ _ _ _ _ _ _ _ _ 
.venv/lib/python3.13/site-packages/playwright/sync_api/_generated.py:8525: in wait_for_selector
    self._sync(
.venv/lib/python3.13/site-packages/playwright/_impl/_page.py:419: in wait_for_selector
    return await self._main_frame.wait_for_selector(**locals_to_params(locals()))
           ^^^^^^^^^^^^^^^^^^^^^^^^^^^^^^^^^^^^^^^^^^^^^^^^^^^^^^^^^^^^^^^^^^^^^^
.venv/lib/python3.13/site-packages/playwright/_impl/_frame.py:369: in wait_for_selector
    await self._channel.send(
.venv/lib/python3.13/site-packages/playwright/_impl/_connection.py:69: in send
    return await self._connection.wrap_api_call(
_ _ _ _ _ _ _ _ _ _ _ _ _ _ _ _ _ _ _ _ _ _ _ _ _ _ _ _ _ _ _ _ _ _ _ _ _ _ _ _ 

self = &lt;playwright._impl._connection.Connection object at 0x7ac86a63a270&gt;
cb = &lt;function Channel.send.&lt;locals&gt;.&lt;lambda&gt; at 0x7ac86a3accc0&gt;
is_internal = False, title = None

    async def wrap_api_call(
        self, cb: Callable[[], Any], is_internal: bool = False, title: str = None
    ) -&gt; Any:
        if self._api_zone.get():
            return await cb()
        task = asyncio.current_task(self._loop)
        st: List[inspect.FrameInfo] = getattr(
            task, "__pw_stack__", None
        ) or inspect.stack(0)
    
        parsed_st = _extract_stack_trace_information_from_stack(st, is_internal, title)
        self._api_zone.set(parsed_st)
        try:
            return await cb()
        except Exception as error:
&gt;           raise rewrite_error(error, f"{parsed_st['apiName']}: {error}") from None
E           playwright._impl._errors.TimeoutError: Page.wait_for_selector: Timeout 10000ms exceeded.
E           Call log:
E             - waiting for locator("input[type=\"email\"]") to be visible

.venv/lib/python3.13/site-packages/playwright/_impl/_connection.py:559: TimeoutError</failure></testcase><testcase classname="test_ui_directus_login.TestDirectusLogin" name="test_login_with_invalid_credentials" time="20.869"><failure message="playwright._impl._errors.TimeoutError: Page.wait_for_selector: Timeout 10000ms exceeded.&#10;Call log:&#10;  - waiting for locator(&quot;input[type=\&quot;email\&quot;]&quot;) to be visible">self = &lt;test_ui_directus_login.TestDirectusLogin object at 0x7ac86a6e1a70&gt;
page = &lt;Page url='http://directus:8055/admin/login'&gt;
e2e_ui_config = E2EUIConfig(directus_url='http://directus:8055', api_url='http://api-server:8001', admin_email='admin@example.com', ad...rd123!', directus_token='g52oLdjEmwURNK4KmqjAXEtY3e4DCUzP', playwright_headless=True, playwright_slow_mo=0, timeout=60)

    def test_login_with_invalid_credentials(self, page: Page, e2e_ui_config):
        """Valida que login com credenciais inválidas falha."""
        page.goto(f"{e2e_ui_config.directus_url}/admin/login")
    
        # Aguardar formulário
&gt;       page.wait_for_selector('input[type="email"]', timeout=10000)

tests/e2e_ui/test_ui_directus_login.py:51: 
_ _ _ _ _ _ _ _ _ _ _ _ _ _ _ _ _ _ _ _ _ _ _ _ _ _ _ _ _ _ _ _ _ _ _ _ _ _ _ _ 
.venv/lib/python3.13/site-packages/playwright/sync_api/_generated.py:8525: in wait_for_selector
    self._sync(
.venv/lib/python3.13/site-packages/playwright/_impl/_page.py:419: in wait_for_selector
    return await self._main_frame.wait_for_selector(**locals_to_params(locals()))
           ^^^^^^^^^^^^^^^^^^^^^^^^^^^^^^^^^^^^^^^^^^^^^^^^^^^^^^^^^^^^^^^^^^^^^^
.venv/lib/python3.13/site-packages/playwright/_impl/_frame.py:369: in wait_for_selector
    await self._channel.send(
.venv/lib/python3.13/site-packages/playwright/_impl/_connection.py:69: in send
    return await self._connection.wrap_api_call(
_ _ _ _ _ _ _ _ _ _ _ _ _ _ _ _ _ _ _ _ _ _ _ _ _ _ _ _ _ _ _ _ _ _ _ _ _ _ _ _ 

self = &lt;playwright._impl._connection.Connection object at 0x7ac86a63a270&gt;
cb = &lt;function Channel.send.&lt;locals&gt;.&lt;lambda&gt; at 0x7ac86a3ae520&gt;
is_internal = False, title = None

    async def wrap_api_call(
        self, cb: Callable[[], Any], is_internal: bool = False, title: str = None
    ) -&gt; Any:
        if self._api_zone.get():
            return await cb()
        task = asyncio.current_task(self._loop)
        st: List[inspect.FrameInfo] = getattr(
            task, "__pw_stack__", None
        ) or inspect.stack(0)
    
        parsed_st = _extract_stack_trace_information_from_stack(st, is_internal, title)
        self._api_zone.set(parsed_st)
        try:
            return await cb()
        except Exception as error:
&gt;           raise rewrite_error(error, f"{parsed_st['apiName']}: {error}") from None
E           playwright._impl._errors.TimeoutError: Page.wait_for_selector: Timeout 10000ms exceeded.
E           Call log:
E             - waiting for locator("input[type=\"email\"]") to be visible

.venv/lib/python3.13/site-packages/playwright/_impl/_connection.py:559: TimeoutError</failure></testcase><testcase classname="test_ui_directus_login.TestDirectusLogin" name="test_navigate_to_dashboard" time="27.136"><error message="failed on setup with &quot;playwright._impl._errors.TimeoutError: Page.wait_for_selector: Timeout 10000ms exceeded.&#10;Call log:&#10;  - waiting for locator(&quot;input[type=\&quot;email\&quot;]&quot;) to be visible&quot;">page = &lt;Page url='http://directus:8055/admin/login'&gt;
e2e_ui_config = E2EUIConfig(directus_url='http://directus:8055', api_url='http://api-server:8001', admin_email='admin@example.com', ad...rd123!', directus_token='g52oLdjEmwURNK4KmqjAXEtY3e4DCUzP', playwright_headless=True, playwright_slow_mo=0, timeout=60)

    @pytest.fixture
    def directus_page_logged(
        page: Page,
        e2e_ui_config: E2EUIConfig
    ) -&gt; Generator[Page, None, None]:
        """Página já autenticada no Directus Admin."""
        # Navegar para login
        page.goto(f"{e2e_ui_config.directus_url}/admin/login")
    
        # Aguardar formulário de login
&gt;       page.wait_for_selector('input[type="email"]', timeout=10000)

tests/e2e_ui/conftest.py:157: 
_ _ _ _ _ _ _ _ _ _ _ _ _ _ _ _ _ _ _ _ _ _ _ _ _ _ _ _ _ _ _ _ _ _ _ _ _ _ _ _ 
.venv/lib/python3.13/site-packages/playwright/sync_api/_generated.py:8525: in wait_for_selector
    self._sync(
.venv/lib/python3.13/site-packages/playwright/_impl/_page.py:419: in wait_for_selector
    return await self._main_frame.wait_for_selector(**locals_to_params(locals()))
           ^^^^^^^^^^^^^^^^^^^^^^^^^^^^^^^^^^^^^^^^^^^^^^^^^^^^^^^^^^^^^^^^^^^^^^
.venv/lib/python3.13/site-packages/playwright/_impl/_frame.py:369: in wait_for_selector
    await self._channel.send(
.venv/lib/python3.13/site-packages/playwright/_impl/_connection.py:69: in send
    return await self._connection.wrap_api_call(
_ _ _ _ _ _ _ _ _ _ _ _ _ _ _ _ _ _ _ _ _ _ _ _ _ _ _ _ _ _ _ _ _ _ _ _ _ _ _ _ 

self = &lt;playwright._impl._connection.Connection object at 0x7ac86a63a270&gt;
cb = &lt;function Channel.send.&lt;locals&gt;.&lt;lambda&gt; at 0x7ac86a4b8ae0&gt;
is_internal = False, title = None

    async def wrap_api_call(
        self, cb: Callable[[], Any], is_internal: bool = False, title: str = None
    ) -&gt; Any:
        if self._api_zone.get():
            return await cb()
        task = asyncio.current_task(self._loop)
        st: List[inspect.FrameInfo] = getattr(
            task, "__pw_stack__", None
        ) or inspect.stack(0)
    
        parsed_st = _extract_stack_trace_information_from_stack(st, is_internal, title)
        self._api_zone.set(parsed_st)
        try:
            return await cb()
        except Exception as error:
&gt;           raise rewrite_error(error, f"{parsed_st['apiName']}: {error}") from None
E           playwright._impl._errors.TimeoutError: Page.wait_for_selector: Timeout 10000ms exceeded.
E           Call log:
E             - waiting for locator("input[type=\"email\"]") to be visible

.venv/lib/python3.13/site-packages/playwright/_impl/_connection.py:559: TimeoutError</error></testcase><testcase classname="test_ui_processar_versao.TestProcessarVersao" name="test_navegar_para_formulario_versao" time="37.385"><error message="failed on setup with &quot;playwright._impl._errors.TimeoutError: Page.wait_for_selector: Timeout 10000ms exceeded.&#10;Call log:&#10;  - waiting for locator(&quot;input[type=\&quot;email\&quot;]&quot;) to be visible&quot;">page = &lt;Page url='http://directus:8055/admin/login'&gt;
e2e_ui_config = E2EUIConfig(directus_url='http://directus:8055', api_url='http://api-server:8001', admin_email='admin@example.com', ad...rd123!', directus_token='g52oLdjEmwURNK4KmqjAXEtY3e4DCUzP', playwright_headless=True, playwright_slow_mo=0, timeout=60)

    @pytest.fixture
    def directus_page_logged(
        page: Page,
        e2e_ui_config: E2EUIConfig
    ) -&gt; Generator[Page, None, None]:
        """Página já autenticada no Directus Admin."""
        # Navegar para login
        page.goto(f"{e2e_ui_config.directus_url}/admin/login")
    
        # Aguardar formulário de login
&gt;       page.wait_for_selector('input[type="email"]', timeout=10000)

tests/e2e_ui/conftest.py:157: 
_ _ _ _ _ _ _ _ _ _ _ _ _ _ _ _ _ _ _ _ _ _ _ _ _ _ _ _ _ _ _ _ _ _ _ _ _ _ _ _ 
.venv/lib/python3.13/site-packages/playwright/sync_api/_generated.py:8525: in wait_for_selector
    self._sync(
.venv/lib/python3.13/site-packages/playwright/_impl/_page.py:419: in wait_for_selector
    return await self._main_frame.wait_for_selector(**locals_to_params(locals()))
           ^^^^^^^^^^^^^^^^^^^^^^^^^^^^^^^^^^^^^^^^^^^^^^^^^^^^^^^^^^^^^^^^^^^^^^
.venv/lib/python3.13/site-packages/playwright/_impl/_frame.py:369: in wait_for_selector
    await self._channel.send(
.venv/lib/python3.13/site-packages/playwright/_impl/_connection.py:69: in send
    return await self._connection.wrap_api_call(
_ _ _ _ _ _ _ _ _ _ _ _ _ _ _ _ _ _ _ _ _ _ _ _ _ _ _ _ _ _ _ _ _ _ _ _ _ _ _ _ 

self = &lt;playwright._impl._connection.Connection object at 0x7ac86a63a270&gt;
cb = &lt;function Channel.send.&lt;locals&gt;.&lt;lambda&gt; at 0x7ac86a3c1d00&gt;
is_internal = False, title = None

    async def wrap_api_call(
        self, cb: Callable[[], Any], is_internal: bool = False, title: str = None
    ) -&gt; Any:
        if self._api_zone.get():
            return await cb()
        task = asyncio.current_task(self._loop)
        st: List[inspect.FrameInfo] = getattr(
            task, "__pw_stack__", None
        ) or inspect.stack(0)
    
        parsed_st = _extract_stack_trace_information_from_stack(st, is_internal, title)
        self._api_zone.set(parsed_st)
        try:
            return await cb()
        except Exception as error:
&gt;           raise rewrite_error(error, f"{parsed_st['apiName']}: {error}") from None
E           playwright._impl._errors.TimeoutError: Page.wait_for_selector: Timeout 10000ms exceeded.
E           Call log:
E             - waiting for locator("input[type=\"email\"]") to be visible

.venv/lib/python3.13/site-packages/playwright/_impl/_connection.py:559: TimeoutError</error></testcase><testcase classname="test_ui_processar_versao.TestProcessarVersao" name="test_criar_versao_via_api_sdk" time="0.009"><skipped type="pytest.skip" message="Modelo de contrato não encontrado no seed">/app/tests/e2e_ui/test_ui_processar_versao.py:33: Modelo de contrato não encontrado no seed</skipped></testcase><testcase classname="test_ui_processar_versao.TestProcessarVersao" name="test_aguardar_processamento_concluir" time="0.005"><skipped type="pytest.skip" message="Modelo de contrato não encontrado no seed">/app/tests/e2e_ui/test_ui_processar_versao.py:68: Modelo de contrato não encontrado no seed</skipped></testcase><testcase classname="test_ui_processar_versao.TestProcessarVersao" name="test_versao_processada_tem_modificacoes" time="0.018"><skipped type="pytest.skip" message="Modelo de contrato não encontrado no seed">/app/tests/e2e_ui/test_ui_processar_versao.py:92: Modelo de contrato não encontrado no seed</skipped></testcase><testcase classname="test_ui_processar_versao.TestProcessarVersao" name="test_visualizar_detalhes_versao_ui" time="0.009"><skipped type="pytest.skip" message="Modelo de contrato não encontrado no seed">/app/tests/e2e_ui/test_ui_processar_versao.py:117: Modelo de contrato não encontrado no seed</skipped></testcase><testcase classname="test_ui_visualizar_modificacoes.TestVisualizarModificacoesVinculadas" name="test_navegar_para_lista_modificacoes" time="0.017"><skipped type="pytest.skip" message="Modelo de contrato não encontrado no seed">/app/tests/e2e_ui/test_ui_visualizar_modificacoes.py:17: Modelo de contrato não encontrado no seed</skipped></testcase><testcase classname="test_ui_visualizar_modificacoes.TestVisualizarModificacoesVinculadas" name="test_modificacoes_tem_clausula_preenchida[True]" time="0.019"><skipped type="pytest.skip" message="Modelo de contrato não encontrado no seed">/app/tests/e2e_ui/test_ui_visualizar_modificacoes.py:37: Modelo de contrato não encontrado no seed</skipped></testcase><testcase classname="test_ui_visualizar_modificacoes.TestVisualizarModificacoesVinculadas" name="test_modificacoes_tem_clausula_preenchida[False]" time="0.011"><skipped type="pytest.skip" message="Modelo de contrato não encontrado no seed">/app/tests/e2e_ui/test_ui_visualizar_modificacoes.py:37: Modelo de contrato não encontrado no seed</skipped></testcase><testcase classname="test_ui_visualizar_modificacoes.TestVisualizarModificacoesVinculadas" name="test_ui_exibe_nome_clausula_nao_apenas_id" time="0.029"><skipped type="pytest.skip" message="Modelo de contrato não encontrado no seed">/app/tests/e2e_ui/test_ui_visualizar_modificacoes.py:77: Modelo de contrato não encontrado no seed</skipped></testcase><testcase classname="test_ui_visualizar_modificacoes.TestVisualizarModificacoesVinculadas" name="test_navegar_de_modificacao_para_clausula" time="0.019"><skipped type="pytest.skip" message="Modelo de contrato não encontrado no seed">/app/tests/e2e_ui/test_ui_visualizar_modificacoes.py:125: Modelo de contrato não encontrado no seed</skipped></testcase><testcase classname="test_ui_visualizar_modificacoes.TestVisualizarModificacoesVinculadas" name="test_filtrar_modificacoes_por_clausula" time="0.017"><skipped type="pytest.skip" message="Modelo de contrato não encontrado no seed">/app/tests/e2e_ui/test_ui_visualizar_modificacoes.py:181: Modelo de contrato não encontrado no seed</skipped></testcase><testcase classname="test_ui_visualizar_modificacoes.TestVisualizarModificacoesVinculadas" name="test_validacao_foreign_key_banco" time="2.527"><skipped type="pytest.skip" message="Modelo de contrato não encontrado no seed">/app/tests/e2e_ui/test_ui_visualizar_modificacoes.py:221: Modelo de contrato não encontrado no seed</skipped></testcase></testsuite></testsuites>